<?xml version="1.0" encoding="UTF-8"?>
<!-- Generated by org.testng.reporters.JUnitReportReporter -->
<testsuite hostname="sourabh" failures="0" tests="1" name="SSDACADEMY.ExtentReports.ExtentReportDemo" time="5.507" errors="0" timestamp="2024-02-22T19:15:33 IST" skipped="0">
  <testcase classname="SSDACADEMY.ExtentReports.ExtentReportDemo" name="InitialDemo" time="5.507"/>
  <system-out/>
</testsuite> <!-- SSDACADEMY.ExtentReports.ExtentReportDemo -->
